<?xml version="1.0" encoding="UTF-8"?>
<!-- Generated by org.testng.reporters.JUnitReportReporter -->
<testsuite hostname="LAPTOP-15KD9OUD" failures="0" tests="1" name="scripts.tc1" time="12.981" errors="0" timestamp="2021-09-04T17:31:19 IST" skipped="0">
  <testcase classname="scripts.tc1" name="addtocarts" time="12.981"/>
  <system-out/>
</testsuite> <!-- scripts.tc1 -->
