<?xml version="1.0" encoding="UTF-8"?>
<!-- Generated by org.testng.reporters.JUnitReportReporter -->
<testsuite hostname="LAPTOP-15KD9OUD" failures="0" tests="1" name="scripts.tc1" time="22.049" errors="0" timestamp="2021-09-18T18:43:12 IST" skipped="0">
  <testcase classname="scripts.tc1" name="addtocarts" time="22.049"/>
  <system-out/>
</testsuite> <!-- scripts.tc1 -->
